

*******************************************************************************
Tue Sep 15 19:48:12 2020


FIT:    data read from "maximos_Skin.dat"
        format = z
        #datapoints = 11
        residuals are weighted equally (unit weight)

function used for fitting: f(x)
	f(x) = 0.001*exp(-x*A)
fitted parameters initialized with current variable values

iter      chisq       delta/lim  lambda   A            
   0 2.7078523743e+00   0.00e+00  8.96e-112   1.000000e+00

Current data point
=========================
#               = 1 out of 11
x               = -2.48723e+110  
z               = 0.792812       

Current set of parameters
=========================
A               = -2.48723e+110  

BREAK: Undefined value during function evaluation

*******************************************************************************
Tue Sep 15 19:48:26 2020


FIT:    data read from "maximos_Skin.dat" u 1:2
        format = x:z
        #datapoints = 11
        residuals are weighted equally (unit weight)

function used for fitting: f(x)
	f(x) = 0.001*exp(-x*A)
fitted parameters initialized with current variable values


Current data point
=========================
#               = 1 out of 11
x               = -2.48723e+110  
z               = 0.792812       

Current set of parameters
=========================
A               = -2.48723e+110  

BREAK: Undefined value during function evaluation

*******************************************************************************
Tue Sep 15 19:51:09 2020


FIT:    data read from "maximos_Skin.dat" u 1:2
        format = x:z
        #datapoints = 11
        residuals are weighted equally (unit weight)

function used for fitting: f(x)
	f(x) = A*exp(-x*B)
fitted parameters initialized with current variable values



*******************************************************************************
Tue Sep 15 19:51:14 2020


FIT:    data read from "maximos_Skin.dat" u 1:2
        format = x:z
        #datapoints = 11
        residuals are weighted equally (unit weight)

function used for fitting: f(x)
	f(x) = A*exp(-x*B)
fitted parameters initialized with current variable values

iter      chisq       delta/lim  lambda   A             B            
   0 1.8965476026e+01   0.00e+00  1.58e+02  -2.487234e+110   1.000000e+00
   4 2.7078524031e+00  -1.63e-01  1.58e-02  -2.486413e+110   1.075227e+00

After 4 iterations the fit converged.
final sum of squares of residuals : 2.70785
rel. change during last iteration : -1.63427e-06

degrees of freedom    (FIT_NDF)                        : 9
rms of residuals      (FIT_STDFIT) = sqrt(WSSR/ndf)    : 0.548518
variance of residuals (reduced chisquare) = WSSR/ndf   : 0.300872

Final set of parameters            Asymptotic Standard Error
=======================            ==========================
A               = -2.48641e+110    +/- 4.089e+121   (1.645e+13%)
B               = 1.07523          +/- 7.425e+08    (6.905e+10%)

correlation matrix of the fit parameters:
                A      B      
A               1.000 
B              -1.000  1.000 


*******************************************************************************
Tue Sep 15 19:54:54 2020


FIT:    data read from "maximos_Skin.dat" u 1:2
        format = x:z
        #datapoints = 11
        residuals are weighted equally (unit weight)

function used for fitting: f(x)
	f(x) = 1e-2*exp(-x*A)
fitted parameters initialized with current variable values


Current data point
=========================
#               = 1 out of 11
x               = -2.48641e+110  
z               = 0.792812       

Current set of parameters
=========================
A               = -2.48641e+110  

BREAK: Undefined value during function evaluation

*******************************************************************************
Tue Sep 15 20:19:28 2020


FIT:    data read from "maximos_Skin.dat" u 1:2
        format = x:z
        #datapoints = 11
        residuals are weighted equally (unit weight)

function used for fitting: f(x)
	f(x) = E*exp(-(x-C)*A)+D
fitted parameters initialized with current variable values


Current data point
=========================
#               = 1 out of 11
x               = -2.48641e+110  
z               = 0.792812       

Current set of parameters
=========================
A               = -2.48641e+110  
C               = 1              
D               = 1              
E               = 1              

BREAK: Undefined value during function evaluation

*******************************************************************************
Tue Sep 15 20:20:32 2020


FIT:    data read from "maximos_Skin.dat" u ($1-250):2
        format = x:z
        #datapoints = 11
        residuals are weighted equally (unit weight)

function used for fitting: f(x)
	f(x) = E*exp(-x*A)+D
fitted parameters initialized with current variable values


Current data point
=========================
#               = 1 out of 11
x               = -2.48641e+110  
z               = 0.792812       

Current set of parameters
=========================
A               = -2.48641e+110  
C               = 1              
D               = 1              
E               = 1              

BREAK: Undefined value during function evaluation

*******************************************************************************
Tue Sep 15 20:20:39 2020


FIT:    data read from "maximos_Skin.dat" u ($1-250):2
        format = x:z
        #datapoints = 11
        residuals are weighted equally (unit weight)

function used for fitting: f(x)
	f(x) = E*exp(-x*A)
fitted parameters initialized with current variable values


Current data point
=========================
#               = 1 out of 11
x               = -2.48641e+110  
z               = 0.792812       

Current set of parameters
=========================
A               = -2.48641e+110  
C               = 1              
D               = 1              
E               = 1              

BREAK: Undefined value during function evaluation

*******************************************************************************
Tue Sep 15 20:42:12 2020


FIT:    data read from "maximos_Skin.dat" u ($1-250):2
        format = x:z
        #datapoints = 11
        residuals are weighted equally (unit weight)

function used for fitting: f(x)
	f(x) = E*exp(-x*A)
fitted parameters initialized with current variable values


Current data point
=========================
#               = 1 out of 11
x               = -2.48641e+110  
z               = 0.792812       

Current set of parameters
=========================
A               = -2.48641e+110  
E               = 1              

BREAK: Undefined value during function evaluation

*******************************************************************************
Tue Sep 15 20:42:42 2020


FIT:    data read from "maximos_Skin.dat" u ($1-250):2
        format = x:z
        #datapoints = 11
        residuals are weighted equally (unit weight)

function used for fitting: f(x)
	f(x) = E*exp(-(x-C)*A)
fitted parameters initialized with current variable values


Current data point
=========================
#               = 1 out of 11
x               = -2.48641e+110  
z               = 0.792812       

Current set of parameters
=========================
A               = -2.48641e+110  
C               = 1              
E               = 1              

BREAK: Undefined value during function evaluation

*******************************************************************************
Tue Sep 15 20:45:33 2020


FIT:    data read from "maximos_Skin.dat" u ($1-250):2
        format = x:z
        #datapoints = 11
        residuals are weighted equally (unit weight)

function used for fitting: f(x)
	f(x) = E*exp(-(x-C)*A)
fitted parameters initialized with current variable values

iter      chisq       delta/lim  lambda   A             C             E            
   0 2.6130380734e+00   0.00e+00  1.81e-02    1.000000e-02   2.500000e+02   1.000000e-03
  11 8.8248545909e-05  -4.55e-03  1.81e-06    1.930438e-02   3.416897e+02   1.137684e-03

After 11 iterations the fit converged.
final sum of squares of residuals : 8.82485e-05
rel. change during last iteration : -4.55297e-08

degrees of freedom    (FIT_NDF)                        : 8
rms of residuals      (FIT_STDFIT) = sqrt(WSSR/ndf)    : 0.00332131
variance of residuals (reduced chisquare) = WSSR/ndf   : 1.10311e-05

Final set of parameters            Asymptotic Standard Error
=======================            ==========================
A               = 0.0193044        +/- 0.0001284    (0.665%)
C               = 341.69           +/- 1.511e+12    (4.421e+11%)
E               = 0.00113768       +/- 3.328e+07    (2.926e+12%)

correlation matrix of the fit parameters:
                A      C      E      
A               1.000 
C              -0.384  1.000 
E               0.384 -1.000  1.000 


*******************************************************************************
Tue Sep 15 20:47:21 2020


FIT:    data read from "maximos_Skin.dat" u 1:2
        format = x:z
        #datapoints = 11
        residuals are weighted equally (unit weight)

function used for fitting: f(x)
	f(x) = E*exp(-(x-C)*A)
fitted parameters initialized with current variable values

iter      chisq       delta/lim  lambda   A             C             E            
   0 1.3036180256e+00   0.00e+00  3.28e+00    1.000000e-01   2.500000e+02   8.000000e-01
  15 8.8248544957e-05  -4.04e-05  3.28e+00    1.930436e-02   2.525751e+02   7.926568e-01

After 15 iterations the fit converged.
final sum of squares of residuals : 8.82485e-05
rel. change during last iteration : -4.04217e-10

degrees of freedom    (FIT_NDF)                        : 8
rms of residuals      (FIT_STDFIT) = sqrt(WSSR/ndf)    : 0.00332131
variance of residuals (reduced chisquare) = WSSR/ndf   : 1.10311e-05

Final set of parameters            Asymptotic Standard Error
=======================            ==========================
A               = 0.0193044        +/- 0.0001262    (0.6535%)
C               = 252.575          +/- 3.67e+12     (1.453e+12%)
E               = 0.792657         +/- 5.629e+10    (7.102e+12%)

correlation matrix of the fit parameters:
                A      C      E      
A               1.000 
C               0.325  1.000 
E              -0.325 -1.000  1.000 


*******************************************************************************
Tue Sep 15 20:48:29 2020


FIT:    data read from "maximos_Skin.dat" u ($1-250):2
        format = x:z
        #datapoints = 11
        residuals are weighted equally (unit weight)

function used for fitting: f(x)
	f(x) = E*exp(-(x-C)*A)
fitted parameters initialized with current variable values

Warning: Initial value of parameter 'C' is zero.
iter      chisq       delta/lim  lambda   A             C             E            
   0 1.3036180256e+00   0.00e+00  1.58e-01    1.000000e-01   1.000000e-30   8.000000e-01
BREAK: Singular matrix in Invert_RtR